0 info it worked if it ends with ok
1 verbose cli [ 'c:\\Program Files\\nodejs\\node.exe',
1 verbose cli   'c:\\Program Files\\nodejs\\node_modules\\npm\\bin\\npm-cli.js',
1 verbose cli   'install',
1 verbose cli   'jquery.maximage' ]
2 info using npm@1.4.28
3 info using node@v0.10.33
4 warn package.json personal-site@0.0.1 No README data
5 verbose readDependencies using package.json deps
6 verbose cache add [ 'jquery.maximage', null ]
7 verbose cache add name=undefined spec="jquery.maximage" args=["jquery.maximage",null]
8 verbose parsed url { protocol: null,
8 verbose parsed url   slashes: null,
8 verbose parsed url   auth: null,
8 verbose parsed url   host: null,
8 verbose parsed url   port: null,
8 verbose parsed url   hostname: null,
8 verbose parsed url   hash: null,
8 verbose parsed url   search: null,
8 verbose parsed url   query: null,
8 verbose parsed url   pathname: 'jquery.maximage',
8 verbose parsed url   path: 'jquery.maximage',
8 verbose parsed url   href: 'jquery.maximage' }
9 silly lockFile c0d411c1-jquery-maximage jquery.maximage
10 verbose lock jquery.maximage C:\Users\Ryan\AppData\Roaming\npm-cache\c0d411c1-jquery-maximage.lock
11 silly lockFile c0d411c1-jquery-maximage jquery.maximage
12 silly lockFile c0d411c1-jquery-maximage jquery.maximage
13 verbose addNamed [ 'jquery.maximage', '' ]
14 verbose addNamed [ null, '*' ]
15 silly lockFile ca66a6ed-jquery-maximage jquery.maximage@
16 verbose lock jquery.maximage@ C:\Users\Ryan\AppData\Roaming\npm-cache\ca66a6ed-jquery-maximage.lock
17 silly addNameRange { name: 'jquery.maximage', range: '*', hasData: false }
18 verbose request where is /jquery.maximage
19 verbose request registry https://registry.npmjs.org/
20 verbose request id 0048ef0a74ebd5d9
21 verbose url raw /jquery.maximage
22 verbose url resolving [ 'https://registry.npmjs.org/', './jquery.maximage' ]
23 verbose url resolved https://registry.npmjs.org/jquery.maximage
24 verbose request where is https://registry.npmjs.org/jquery.maximage
25 info trying registry request attempt 1 at 02:40:16
26 http GET https://registry.npmjs.org/jquery.maximage
27 http 404 https://registry.npmjs.org/jquery.maximage
28 verbose headers { date: 'Sun, 29 Mar 2015 06:40:16 GMT',
28 verbose headers   server: 'CouchDB/1.5.0 (Erlang OTP/R16B03)',
28 verbose headers   'content-type': 'application/json',
28 verbose headers   'cache-control': 'max-age=0',
28 verbose headers   'content-length': '51',
28 verbose headers   'accept-ranges': 'bytes',
28 verbose headers   via: '1.1 varnish',
28 verbose headers   age: '0',
28 verbose headers   'x-served-by': 'cache-dfw1832-DFW',
28 verbose headers   'x-cache': 'MISS',
28 verbose headers   'x-cache-hits': '0',
28 verbose headers   'x-timer': 'S1427611216.820137,VS0,VE65',
28 verbose headers   'keep-alive': 'timeout=10, max=50',
28 verbose headers   connection: 'Keep-Alive' }
29 silly registry.get cb [ 404,
29 silly registry.get   { date: 'Sun, 29 Mar 2015 06:40:16 GMT',
29 silly registry.get     server: 'CouchDB/1.5.0 (Erlang OTP/R16B03)',
29 silly registry.get     'content-type': 'application/json',
29 silly registry.get     'cache-control': 'max-age=0',
29 silly registry.get     'content-length': '51',
29 silly registry.get     'accept-ranges': 'bytes',
29 silly registry.get     via: '1.1 varnish',
29 silly registry.get     age: '0',
29 silly registry.get     'x-served-by': 'cache-dfw1832-DFW',
29 silly registry.get     'x-cache': 'MISS',
29 silly registry.get     'x-cache-hits': '0',
29 silly registry.get     'x-timer': 'S1427611216.820137,VS0,VE65',
29 silly registry.get     'keep-alive': 'timeout=10, max=50',
29 silly registry.get     connection: 'Keep-Alive' } ]
30 silly lockFile ca66a6ed-jquery-maximage jquery.maximage@
31 silly lockFile ca66a6ed-jquery-maximage jquery.maximage@
32 error 404 404 Not Found: jquery.maximage
32 error 404
32 error 404 'jquery.maximage' is not in the npm registry.
32 error 404 You should bug the author to publish it
32 error 404 It was specified as a dependency of 'personal-site'
32 error 404
32 error 404 Note that you can also install from a
32 error 404 tarball, folder, or http url, or git url.
33 error System Windows_NT 6.2.9200
34 error command "c:\\Program Files\\nodejs\\node.exe" "c:\\Program Files\\nodejs\\node_modules\\npm\\bin\\npm-cli.js" "install" "jquery.maximage"
35 error cwd c:\Users\Ryan\Documents\repos\forprompt
36 error node -v v0.10.33
37 error npm -v 1.4.28
38 error code E404
39 verbose exit [ 1, true ]
